Arguments: 
  /home/geraldo/.nvm/versions/node/v12.18.2/bin/node /home/geraldo/.nvm/versions/node/v12.18.2/bin/yarn add node_modules

PATH: 
  /home/geraldo/.nvm/versions/node/v12.18.2/bin:/usr/local/sbin:/usr/local/bin:/usr/sbin:/usr/bin:/sbin:/bin:/usr/games:/usr/local/games:/snap/bin

Yarn version: 
  1.22.4

Node version: 
  12.18.2

Platform: 
  linux x64

Trace: 
  Error: https://registry.yarnpkg.com/node_modules: Not found
      at Request.params.callback [as _callback] (/home/geraldo/.nvm/versions/node/v12.18.2/lib/node_modules/yarn/lib/cli.js:66987:18)
      at Request.self.callback (/home/geraldo/.nvm/versions/node/v12.18.2/lib/node_modules/yarn/lib/cli.js:140748:22)
      at Request.emit (events.js:315:20)
      at Request.<anonymous> (/home/geraldo/.nvm/versions/node/v12.18.2/lib/node_modules/yarn/lib/cli.js:141720:10)
      at Request.emit (events.js:315:20)
      at IncomingMessage.<anonymous> (/home/geraldo/.nvm/versions/node/v12.18.2/lib/node_modules/yarn/lib/cli.js:141642:12)
      at Object.onceWrapper (events.js:421:28)
      at IncomingMessage.emit (events.js:327:22)
      at endReadableNT (_stream_readable.js:1221:12)
      at processTicksAndRejections (internal/process/task_queues.js:84:21)

npm manifest: 
  {
    "name": "exercise-express-crud",
    "version": "1.0.0",
    "main": "index.js",
    "license": "MIT"
  }

yarn manifest: 
  No manifest

Lockfile: 
  No lockfile
